10:39:52.332 [Worker-8] INFO  o.a.AndroidAnnotationProcessor:85 - Initialize AndroidAnnotations 3.0.1 with options {phase=BUILD}
10:39:52.333 [Worker-8] INFO  o.a.AndroidAnnotationProcessor:109 - Start processing for 11 annotations on 229 elements
10:39:52.350 [Worker-8] DEBUG o.a.h.AndroidManifestFinder:137 - AndroidManifest.xml file found in parent folder E:\BT\SwitchBT: E:\BT\SwitchBT\AndroidManifest.xml
10:39:52.352 [Worker-8] ERROR o.a.h.AndroidManifestFinder:151 - Could not parse the AndroidManifest.xml file at path E:\BT\SwitchBT\AndroidManifest.xml
10:39:52.353 [Worker-8] INFO  o.a.p.TimeStats:81 - Time measurements: [Whole Processing = 20 ms], [Extract Annotations = 17 ms], [Extract Manifest = 3 ms], 
10:39:52.354 [Worker-8] INFO  o.a.AndroidAnnotationProcessor:123 - Finish processing
10:40:48.56 [Worker-8] INFO  o.a.AndroidAnnotationProcessor:85 - Initialize AndroidAnnotations 3.0.1 with options {phase=BUILD}
10:40:48.57 [Worker-8] INFO  o.a.AndroidAnnotationProcessor:109 - Start processing for 11 annotations on 229 elements
10:40:48.73 [Worker-8] DEBUG o.a.h.AndroidManifestFinder:137 - AndroidManifest.xml file found in parent folder E:\BT\SwitchBT: E:\BT\SwitchBT\AndroidManifest.xml
10:40:48.75 [Worker-8] ERROR o.a.h.AndroidManifestFinder:151 - Could not parse the AndroidManifest.xml file at path E:\BT\SwitchBT\AndroidManifest.xml
10:40:48.76 [Worker-8] INFO  o.a.p.TimeStats:81 - Time measurements: [Whole Processing = 19 ms], [Extract Annotations = 15 ms], [Extract Manifest = 3 ms], 
10:40:48.76 [Worker-8] INFO  o.a.AndroidAnnotationProcessor:123 - Finish processing
10:42:27.412 [Worker-17] INFO  o.a.AndroidAnnotationProcessor:85 - Initialize AndroidAnnotations 3.0.1 with options {phase=BUILD}
10:42:27.413 [Worker-17] INFO  o.a.AndroidAnnotationProcessor:109 - Start processing for 11 annotations on 229 elements
10:42:27.430 [Worker-17] DEBUG o.a.h.AndroidManifestFinder:137 - AndroidManifest.xml file found in parent folder E:\BT\SwitchBT: E:\BT\SwitchBT\AndroidManifest.xml
10:42:27.432 [Worker-17] ERROR o.a.h.AndroidManifestFinder:151 - Could not parse the AndroidManifest.xml file at path E:\BT\SwitchBT\AndroidManifest.xml
10:42:27.433 [Worker-17] INFO  o.a.p.TimeStats:81 - Time measurements: [Whole Processing = 20 ms], [Extract Annotations = 17 ms], [Extract Manifest = 3 ms], 
10:42:27.433 [Worker-17] INFO  o.a.AndroidAnnotationProcessor:123 - Finish processing
10:48:15.677 [Worker-21] INFO  o.a.AndroidAnnotationProcessor:85 - Initialize AndroidAnnotations 3.0.1 with options {phase=BUILD}
10:48:15.678 [Worker-21] INFO  o.a.AndroidAnnotationProcessor:109 - Start processing for 10 annotations on 41 elements
10:48:15.694 [Worker-21] DEBUG o.a.h.AndroidManifestFinder:137 - AndroidManifest.xml file found in parent folder E:\BT\SwitchBT: E:\BT\SwitchBT\AndroidManifest.xml
10:48:15.696 [Worker-21] INFO  o.a.AndroidAnnotationProcessor:172 - AndroidManifest.xml found: AndroidManifest [applicationPackage=com.internet.switchbt, componentQualifiedNames=[com.internet.act.qianyue.LauncherAct_, com.internet.act.qianyue.LoginAct_, com.internet.act.qianyue.PoorPeopleListAct_, com.internet.act.qianyue.PoorPeopleDetailAct_, com.internet.act.qianyue.TownsListAct_, com.internet.act.qianyue.VillagesListAct_, com.internet.act.qianyue.AddRecordAct_, com.internet.act.qianyue.RecordDeatailAct_], permissionQualifiedNames=[android.permission.INTERNET, android.permission.RECORD_AUDIO, android.permission.ACCESS_NETWORK_STATE, android.permission.ACCESS_WIFI_STATE, android.permission.CHANGE_NETWORK_STATE, android.permission.READ_PHONE_STATE, android.permission.READ_CONTACTS, android.permission.CAMERA, android.hardware.camera.autofocus, android.permission.RECORD_AUDIO, android.permission.WRITE_EXTERNAL_STORAGE, android.permission.ACCESS_FINE_LOCATION, android.permission.ACCESS_COARSE_LOCATION, com.internet.turnright.b.permission.JPUSH_MESSAGE, android.permission.RECEIVE_USER_PRESENT, android.permission.INTERNET, android.permission.WAKE_LOCK, android.permission.READ_PHONE_STATE, android.permission.WRITE_EXTERNAL_STORAGE, android.permission.READ_EXTERNAL_STORAGE, android.permission.VIBRATE, android.permission.MOUNT_UNMOUNT_FILESYSTEMS, android.permission.ACCESS_NETWORK_STATE, android.permission.WRITE_SETTINGS, android.permission.ACCESS_COARSE_LOCATION, android.permission.ACCESS_WIFI_STATE, android.permission.CHANGE_WIFI_STATE, android.permission.ACCESS_FINE_LOCATION, android.permission.ACCESS_LOCATION_EXTRA_COMMANDS, android.permission.CHANGE_NETWORK_STATE, android.permission.CALL_PHONE, android.permission.READ_LOGS, android.permission.GET_TASKS, android.permission.SET_DEBUG_APP, android.permission.SYSTEM_ALERT_WINDOW, android.permission.GET_ACCOUNTS, android.permission.USE_CREDENTIALS, android.permission.MANAGE_ACCOUNTS], applicationClassName=com.internet.app.MainApplication, libraryProject=false, debugabble=false, minSdkVersion=14, maxSdkVersion=-1, targetSdkVersion=15]
10:48:15.697 [Worker-21] INFO  o.a.r.ProjectRClassFinder:50 - Found project R class: com.internet.switchbt.R
10:48:15.699 [Worker-21] INFO  o.a.r.AndroidRClassFinder:44 - Found Android class: android.R
10:48:15.705 [Worker-21] INFO  o.a.p.ModelValidator:42 - Validating elements
10:48:15.706 [Worker-21] DEBUG o.a.p.ModelValidator:62 - Validating with EActivityHandler: [com.internet.act.qianyue.PoorPeopleDetailAct, com.internet.act.qianyue.AddRecordAct, com.internet.act.qianyue.PoorPeopleListAct, com.internet.act.qianyue.RecordDeatailAct, com.internet.act.qianyue.LoginAct, com.internet.act.qianyue.TownsListAct, com.internet.act.qianyue.LauncherAct, com.internet.act.qianyue.VillagesListAct]
10:48:15.706 [Worker-21] DEBUG o.a.p.ModelValidator:62 - Validating with EFragmentHandler: [com.internet.fragment.Fragment2, com.internet.fragment.Fragment1, com.internet.fragment.Fragment3, com.internet.fragment.Fragment4, com.internet.dialog.DialogSelectTime, com.internet.dialog.DialogLoading, com.internet.dialog.SelectBirthdayDialog, com.internet.dialog.SelectPhotoDialog]
10:48:15.707 [Worker-21] DEBUG o.a.p.ModelValidator:62 - Validating with EViewGroupHandler: [com.internet.view.ListItemSiteView, com.internet.view.HeaderView, com.internet.view.SearchSiteView, com.internet.view.ListItemMessageView, com.internet.view.MainBottomItemView, com.internet.view.SelectBirthdayView, com.internet.view.ListItemUserAppointView, com.internet.view.SearchStudentView, com.internet.view.ListItemStudentView, com.internet.view.HeaderViewMainOrder, com.internet.view.MainOrderDateItemView, com.internet.view.SelectPhotoView, com.internet.view.ListItemCalenderView, com.internet.view.SelectAddressView, com.internet.view.PaperItemView, com.internet.view.ReleaseSiteDateItemView, com.internet.view.ImageTextView, com.internet.view.PoorPeopleInfoView]
10:48:15.708 [Worker-21] DEBUG o.a.p.ModelValidator:62 - Validating with ViewByIdHandler: [id_text2, listView, view_header, text, mEdit_mobile, id_view2, listView, text_date, view_header, image_header_right, text_content, text_week, edit_search, mText2, text_header_right, id_view4, text_name, text_phone, et_title, info3, text_search, et_helper, listView, info1, text, text_title, order_quantity, info2, view_header, info6, image_back, et_address, tv_date, image_back, listView, id_view1, text_title_1, view_bottom_2, mLoading, view_header, image_date, mText3, view_bottom_3, text_title_3, id_view3, id_text3, image, et_address, btn_cancel, image_search, listView, view_header, mTitle, image_add, text_search, image_add, edit_search, mPageVp, et_title, id_text4, text_1, mDate, text_cancel, image_search, text_cancel, edit_search, mEdit_pwd, et_content, view_flag, image, text_title_2, image_point, btn_ensure, text_today, mText1, text, listView, image_search, text_2, datePicker, mContent, info5, text_tip, id_text1, text_date, view_header, listView, image_date, mTimePiker, tv_date, edit_search, mImage, et_content, mTitle, view_bottom_1, edit_search, info4, image, text_type, et_helper, text_3, text_title, listView]
10:48:15.712 [Worker-21] DEBUG o.a.p.ModelValidator:62 - Validating with ClickHandler: [void clickInflate() , void onImage1Click() , void clickDate() , void click1() , void regist() , void clickText4() , void clickEnsureSearch() , void clickView() , void clickEnsureSearch() , void clickText2() , void clickXC() , void clickText1() , void clickEnsureSearch() , void ensure() , void cancel() , void click3() , void clickView() , void clickDate() , void back() , void cancel() , void clickImageAdd() , void clickImageAdd() , void clickQX() , void clickPZ() , void onImage2Click() , void back() , void findPassword() , void login() , void clickText3() , void click2() ]
10:48:15.713 [Worker-21] DEBUG o.a.p.ModelValidator:62 - Validating with ItemClickHandler: [void onItemClick(int) , void onItemClick(int) , void onItemClick(int) , void onItemClick(int) ]
10:48:15.715 [Worker-21] DEBUG o.a.p.ModelValidator:62 - Validating with AfterTextChangeHandler: [void afterTextChange() , void afterTextChange() ]
10:48:15.716 [Worker-21] DEBUG o.a.p.ModelValidator:62 - Validating with AfterViewsHandler: [void init() , void init() , void init() , void init() , void init() , void init() , void init() , void init() , void init() , void init() , void init() , void init() , void init() , void init() , void init() , void init() , void init() , void init() , void init() , void init() , void init() , void initView() , void init() , void init() , void init() , void init() , void init() ]
10:48:15.716 [Worker-21] DEBUG o.a.p.ModelValidator:62 - Validating with UiThreadHandler: [public void showToast(java.lang.String) , void freshList(com.internet.http.data.response.GetPoorPeopleResponse) , public void showToast(java.lang.String) , void freshList(com.internet.http.data.response.GetPoorPeopleDetailResponse) , public void showToast(java.lang.String) , void freshList(com.internet.http.data.response.GetVillageListResponse) , void refreshView(com.internet.http.data.response.GerRecordDetailResponse) , void goToMainAct() , void startWelcomeAct() , void freshList(com.internet.http.data.response.GetResponListResponse) , void freshList(com.internet.http.data.response.GetRecordListResponse) , void freshList(com.internet.http.data.response.GetTownResponse) ]
10:48:15.717 [Worker-21] DEBUG o.a.p.ModelValidator:62 - Validating with BackgroundHandler: [void getSiteList() , void doSubmit(java.lang.String) , void back() , void getSiteList() , void getSiteList(java.lang.String) , void getSiteList() , void doSubmit() , void getSiteList() , void back() , void doLogin() , void getSiteList() ]
10:48:15.718 [Worker-21] INFO  o.a.p.ModelProcessor:73 - Processing root elements
10:48:15.718 [Worker-21] DEBUG o.a.p.ModelProcessor:80 - Processing root elements EActivityHandler: [com.internet.act.qianyue.PoorPeopleDetailAct, com.internet.act.qianyue.AddRecordAct, com.internet.act.qianyue.PoorPeopleListAct, com.internet.act.qianyue.RecordDeatailAct, com.internet.act.qianyue.LoginAct, com.internet.act.qianyue.TownsListAct, com.internet.act.qianyue.LauncherAct, com.internet.act.qianyue.VillagesListAct]
10:48:15.725 [Worker-21] DEBUG o.a.p.ModelProcessor:80 - Processing root elements EFragmentHandler: [com.internet.fragment.Fragment2, com.internet.fragment.Fragment1, com.internet.fragment.Fragment3, com.internet.fragment.Fragment4, com.internet.dialog.DialogSelectTime, com.internet.dialog.DialogLoading, com.internet.dialog.SelectBirthdayDialog, com.internet.dialog.SelectPhotoDialog]
10:48:15.726 [Worker-21] DEBUG o.a.p.ModelProcessor:80 - Processing root elements EViewGroupHandler: [com.internet.view.ListItemSiteView, com.internet.view.HeaderView, com.internet.view.SearchSiteView, com.internet.view.ListItemMessageView, com.internet.view.MainBottomItemView, com.internet.view.SelectBirthdayView, com.internet.view.ListItemUserAppointView, com.internet.view.SearchStudentView, com.internet.view.ListItemStudentView, com.internet.view.HeaderViewMainOrder, com.internet.view.MainOrderDateItemView, com.internet.view.SelectPhotoView, com.internet.view.ListItemCalenderView, com.internet.view.SelectAddressView, com.internet.view.PaperItemView, com.internet.view.ReleaseSiteDateItemView, com.internet.view.ImageTextView, com.internet.view.PoorPeopleInfoView]
10:48:15.728 [Worker-21] INFO  o.a.p.ModelProcessor:104 - Processing enclosed elements
10:48:15.731 [Worker-21] DEBUG o.a.p.ModelProcessor:116 - Processing enclosed elements with UiThreadHandler: [org.androidannotations.model.AnnotationElements$AnnotatedAndRootElements@45e76266, org.androidannotations.model.AnnotationElements$AnnotatedAndRootElements@3319051a, org.androidannotations.model.AnnotationElements$AnnotatedAndRootElements@739e8e16, org.androidannotations.model.AnnotationElements$AnnotatedAndRootElements@1b149d1d, org.androidannotations.model.AnnotationElements$AnnotatedAndRootElements@20a2ddae, org.androidannotations.model.AnnotationElements$AnnotatedAndRootElements@6c74b979, org.androidannotations.model.AnnotationElements$AnnotatedAndRootElements@6b122b1c, org.androidannotations.model.AnnotationElements$AnnotatedAndRootElements@49afa09, org.androidannotations.model.AnnotationElements$AnnotatedAndRootElements@7664e1f2, org.androidannotations.model.AnnotationElements$AnnotatedAndRootElements@1c4d4d55, org.androidannotations.model.AnnotationElements$AnnotatedAndRootElements@7cdf2f45, org.androidannotations.model.AnnotationElements$AnnotatedAndRootElements@1f9bd59, org.androidannotations.model.AnnotationElements$AnnotatedAndRootElements@1e913c, org.androidannotations.model.AnnotationElements$AnnotatedAndRootElements@5d9b5fb9, org.androidannotations.model.AnnotationElements$AnnotatedAndRootElements@31252d86, org.androidannotations.model.AnnotationElements$AnnotatedAndRootElements@81f993a, org.androidannotations.model.AnnotationElements$AnnotatedAndRootElements@54d76071, org.androidannotations.model.AnnotationElements$AnnotatedAndRootElements@cc704ef, org.androidannotations.model.AnnotationElements$AnnotatedAndRootElements@5d821628, org.androidannotations.model.AnnotationElements$AnnotatedAndRootElements@758057ab, org.androidannotations.model.AnnotationElements$AnnotatedAndRootElements@771dd5ad, org.androidannotations.model.AnnotationElements$AnnotatedAndRootElements@42ebe4da, org.androidannotations.model.AnnotationElements$AnnotatedAndRootElements@6a989cab, org.androidannotations.model.AnnotationElements$AnnotatedAndRootElements@31d6036a, org.androidannotations.model.AnnotationElements$AnnotatedAndRootElements@74afbf11, org.androidannotations.model.AnnotationElements$AnnotatedAndRootElements@72a00c1f, org.androidannotations.model.AnnotationElements$AnnotatedAndRootElements@ed24192, org.androidannotations.model.AnnotationElements$AnnotatedAndRootElements@4fc00301, org.androidannotations.model.AnnotationElements$AnnotatedAndRootElements@6f4de10b, org.androidannotations.model.AnnotationElements$AnnotatedAndRootElements@6a42b104, org.androidannotations.model.AnnotationElements$AnnotatedAndRootElements@7ece4a89, org.androidannotations.model.AnnotationElements$AnnotatedAndRootElements@6d511e9a, org.androidannotations.model.AnnotationElements$AnnotatedAndRootElements@3470c3bc, org.androidannotations.model.AnnotationElements$AnnotatedAndRootElements@210aed47, org.androidannotations.model.AnnotationElements$AnnotatedAndRootElements@4cc1f713, org.androidannotations.model.AnnotationElements$AnnotatedAndRootElements@f158046, org.androidannotations.model.AnnotationElements$AnnotatedAndRootElements@2e4d2d9a, org.androidannotations.model.AnnotationElements$AnnotatedAndRootElements@772acc4a, org.androidannotations.model.AnnotationElements$AnnotatedAndRootElements@695417b2, org.androidannotations.model.AnnotationElements$AnnotatedAndRootElements@39d92cb3, org.androidannotations.model.AnnotationElements$AnnotatedAndRootElements@3bfa0e17, org.androidannotations.model.AnnotationElements$AnnotatedAndRootElements@28e31313, org.androidannotations.model.AnnotationElements$AnnotatedAndRootElements@5ded9d1c, org.androidannotations.model.AnnotationElements$AnnotatedAndRootElements@3b677a92, org.androidannotations.model.AnnotationElements$AnnotatedAndRootElements@6aed4e14, org.androidannotations.model.AnnotationElements$AnnotatedAndRootElements@6b37b24d, org.androidannotations.model.AnnotationElements$AnnotatedAndRootElements@1afd9081, org.androidannotations.model.AnnotationElements$AnnotatedAndRootElements@63299d, org.androidannotations.model.AnnotationElements$AnnotatedAndRootElements@2373268c]
10:48:15.736 [Worker-21] DEBUG o.a.p.ModelProcessor:116 - Processing enclosed elements with BackgroundHandler: [org.androidannotations.model.AnnotationElements$AnnotatedAndRootElements@26c3c992, org.androidannotations.model.AnnotationElements$AnnotatedAndRootElements@1900f953, org.androidannotations.model.AnnotationElements$AnnotatedAndRootElements@14ae41e, org.androidannotations.model.AnnotationElements$AnnotatedAndRootElements@5a2166d6, org.androidannotations.model.AnnotationElements$AnnotatedAndRootElements@7287fa8b, org.androidannotations.model.AnnotationElements$AnnotatedAndRootElements@1b2caff2, org.androidannotations.model.AnnotationElements$AnnotatedAndRootElements@2d30179f]
10:48:15.737 [Worker-21] INFO  o.a.AndroidAnnotationProcessor:251 - Number of files generated by AndroidAnnotations: 34
10:48:15.738 [Worker-21] INFO  o.a.g.ApiCodeGenerator:52 - Writting following API classes in project: []
10:48:15.738 [Worker-21] DEBUG o.a.g.SourceCodewriter:55 - Generating class: com.internet.view.HeaderViewMainOrder_
10:48:15.741 [Worker-21] DEBUG o.a.g.SourceCodewriter:55 - Generating class: com.internet.view.HeaderView_
10:48:15.743 [Worker-21] DEBUG o.a.g.SourceCodewriter:55 - Generating class: com.internet.view.ImageTextView_
10:48:15.745 [Worker-21] DEBUG o.a.g.SourceCodewriter:55 - Generating class: com.internet.view.ListItemCalenderView_
10:48:15.747 [Worker-21] DEBUG o.a.g.SourceCodewriter:55 - Generating class: com.internet.view.ListItemMessageView_
10:48:15.748 [Worker-21] DEBUG o.a.g.SourceCodewriter:55 - Generating class: com.internet.view.ListItemSiteView_
10:48:15.750 [Worker-21] DEBUG o.a.g.SourceCodewriter:55 - Generating class: com.internet.view.ListItemStudentView_
10:48:15.752 [Worker-21] DEBUG o.a.g.SourceCodewriter:55 - Generating class: com.internet.view.ListItemUserAppointView_
10:48:15.754 [Worker-21] DEBUG o.a.g.SourceCodewriter:55 - Generating class: com.internet.view.MainBottomItemView_
10:48:15.756 [Worker-21] DEBUG o.a.g.SourceCodewriter:55 - Generating class: com.internet.view.MainOrderDateItemView_
10:48:15.758 [Worker-21] DEBUG o.a.g.SourceCodewriter:55 - Generating class: com.internet.view.PaperItemView_
10:48:15.759 [Worker-21] DEBUG o.a.g.SourceCodewriter:55 - Generating class: com.internet.view.PoorPeopleInfoView_
10:48:15.761 [Worker-21] DEBUG o.a.g.SourceCodewriter:55 - Generating class: com.internet.view.ReleaseSiteDateItemView_
10:48:15.763 [Worker-21] DEBUG o.a.g.SourceCodewriter:55 - Generating class: com.internet.view.SearchSiteView_
10:48:15.765 [Worker-21] DEBUG o.a.g.SourceCodewriter:55 - Generating class: com.internet.view.SearchStudentView_
10:48:15.768 [Worker-21] DEBUG o.a.g.SourceCodewriter:55 - Generating class: com.internet.view.SelectAddressView_
10:48:15.770 [Worker-21] DEBUG o.a.g.SourceCodewriter:55 - Generating class: com.internet.view.SelectBirthdayView_
10:48:15.772 [Worker-21] DEBUG o.a.g.SourceCodewriter:55 - Generating class: com.internet.view.SelectPhotoView_
10:48:15.777 [Worker-21] DEBUG o.a.g.SourceCodewriter:55 - Generating class: com.internet.fragment.Fragment1_
10:48:15.779 [Worker-21] DEBUG o.a.g.SourceCodewriter:55 - Generating class: com.internet.fragment.Fragment2_
10:48:15.780 [Worker-21] DEBUG o.a.g.SourceCodewriter:55 - Generating class: com.internet.fragment.Fragment3_
10:48:15.782 [Worker-21] DEBUG o.a.g.SourceCodewriter:55 - Generating class: com.internet.fragment.Fragment4_
10:48:15.784 [Worker-21] DEBUG o.a.g.SourceCodewriter:55 - Generating class: com.internet.act.qianyue.AddRecordAct_
10:48:15.787 [Worker-21] DEBUG o.a.g.SourceCodewriter:55 - Generating class: com.internet.act.qianyue.LauncherAct_
10:48:15.789 [Worker-21] DEBUG o.a.g.SourceCodewriter:55 - Generating class: com.internet.act.qianyue.LoginAct_
10:48:15.791 [Worker-21] DEBUG o.a.g.SourceCodewriter:55 - Generating class: com.internet.act.qianyue.PoorPeopleDetailAct_
10:48:15.793 [Worker-21] DEBUG o.a.g.SourceCodewriter:55 - Generating class: com.internet.act.qianyue.PoorPeopleListAct_
10:48:15.796 [Worker-21] DEBUG o.a.g.SourceCodewriter:55 - Generating class: com.internet.act.qianyue.RecordDeatailAct_
10:48:15.799 [Worker-21] DEBUG o.a.g.SourceCodewriter:55 - Generating class: com.internet.act.qianyue.TownsListAct_
10:48:15.802 [Worker-21] DEBUG o.a.g.SourceCodewriter:55 - Generating class: com.internet.act.qianyue.VillagesListAct_
10:48:15.804 [Worker-21] DEBUG o.a.g.SourceCodewriter:55 - Generating class: com.internet.dialog.DialogLoading_
10:48:15.806 [Worker-21] DEBUG o.a.g.SourceCodewriter:55 - Generating class: com.internet.dialog.DialogSelectTime_
10:48:15.808 [Worker-21] DEBUG o.a.g.SourceCodewriter:55 - Generating class: com.internet.dialog.SelectBirthdayDialog_
10:48:15.810 [Worker-21] DEBUG o.a.g.SourceCodewriter:55 - Generating class: com.internet.dialog.SelectPhotoDialog_
10:48:15.812 [Worker-21] INFO  o.a.p.TimeStats:81 - Time measurements: [Whole Processing = 134 ms], [Generate Sources = 75 ms], [Process Annotations = 20 ms], [Extract Annotations = 15 ms], [Validate Annotations = 12 ms], [Find R Classes = 8 ms], [Extract Manifest = 2 ms], 
10:48:15.812 [Worker-21] INFO  o.a.AndroidAnnotationProcessor:123 - Finish processing
10:49:05.560 [Worker-23] INFO  o.a.AndroidAnnotationProcessor:85 - Initialize AndroidAnnotations 3.0.1 with options {phase=BUILD}
10:49:05.561 [Worker-23] INFO  o.a.AndroidAnnotationProcessor:109 - Start processing for 4 annotations on 2 elements
10:49:05.569 [Worker-23] DEBUG o.a.h.AndroidManifestFinder:137 - AndroidManifest.xml file found in parent folder E:\BT\SwitchBT: E:\BT\SwitchBT\AndroidManifest.xml
10:49:05.573 [Worker-23] INFO  o.a.AndroidAnnotationProcessor:172 - AndroidManifest.xml found: AndroidManifest [applicationPackage=com.internet.switchbt, componentQualifiedNames=[com.internet.act.qianyue.LauncherAct_, com.internet.act.qianyue.LoginAct_, com.internet.act.qianyue.PoorPeopleListAct_, com.internet.act.qianyue.PoorPeopleDetailAct_, com.internet.act.qianyue.TownsListAct_, com.internet.act.qianyue.VillagesListAct_, com.internet.act.qianyue.AddRecordAct_, com.internet.act.qianyue.RecordDeatailAct_], permissionQualifiedNames=[android.permission.INTERNET, android.permission.RECORD_AUDIO, android.permission.ACCESS_NETWORK_STATE, android.permission.ACCESS_WIFI_STATE, android.permission.CHANGE_NETWORK_STATE, android.permission.READ_PHONE_STATE, android.permission.READ_CONTACTS, android.permission.CAMERA, android.hardware.camera.autofocus, android.permission.RECORD_AUDIO, android.permission.WRITE_EXTERNAL_STORAGE, android.permission.ACCESS_FINE_LOCATION, android.permission.ACCESS_COARSE_LOCATION, com.internet.turnright.b.permission.JPUSH_MESSAGE, android.permission.RECEIVE_USER_PRESENT, android.permission.INTERNET, android.permission.WAKE_LOCK, android.permission.READ_PHONE_STATE, android.permission.WRITE_EXTERNAL_STORAGE, android.permission.READ_EXTERNAL_STORAGE, android.permission.VIBRATE, android.permission.MOUNT_UNMOUNT_FILESYSTEMS, android.permission.ACCESS_NETWORK_STATE, android.permission.WRITE_SETTINGS, android.permission.ACCESS_COARSE_LOCATION, android.permission.ACCESS_WIFI_STATE, android.permission.CHANGE_WIFI_STATE, android.permission.ACCESS_FINE_LOCATION, android.permission.ACCESS_LOCATION_EXTRA_COMMANDS, android.permission.CHANGE_NETWORK_STATE, android.permission.CALL_PHONE, android.permission.READ_LOGS, android.permission.GET_TASKS, android.permission.SET_DEBUG_APP, android.permission.SYSTEM_ALERT_WINDOW, android.permission.GET_ACCOUNTS, android.permission.USE_CREDENTIALS, android.permission.MANAGE_ACCOUNTS], applicationClassName=com.internet.app.MainApplication, libraryProject=false, debugabble=false, minSdkVersion=14, maxSdkVersion=-1, targetSdkVersion=15]
10:49:05.574 [Worker-23] INFO  o.a.r.ProjectRClassFinder:50 - Found project R class: com.internet.switchbt.R
10:49:05.576 [Worker-23] INFO  o.a.r.AndroidRClassFinder:44 - Found Android class: android.R
10:49:05.581 [Worker-23] INFO  o.a.p.ModelValidator:42 - Validating elements
10:49:05.582 [Worker-23] DEBUG o.a.p.ModelValidator:62 - Validating with EActivityHandler: [com.internet.act.qianyue.PoorPeopleDetailAct]
10:49:05.582 [Worker-23] DEBUG o.a.p.ModelValidator:62 - Validating with ViewByIdHandler: [view_header, id_text3, mPageVp, id_text2, id_view3, id_view4, id_text1, id_view2, id_view1, id_text4]
10:49:05.583 [Worker-23] DEBUG o.a.p.ModelValidator:62 - Validating with ClickHandler: [void clickText1() , void clickText4() , void clickText3() , void clickText2() ]
10:49:05.584 [Worker-23] DEBUG o.a.p.ModelValidator:62 - Validating with AfterViewsHandler: [void init() ]
10:49:05.585 [Worker-23] INFO  o.a.p.ModelProcessor:73 - Processing root elements
10:49:05.585 [Worker-23] DEBUG o.a.p.ModelProcessor:80 - Processing root elements EActivityHandler: [com.internet.act.qianyue.PoorPeopleDetailAct]
10:49:05.587 [Worker-23] INFO  o.a.p.ModelProcessor:104 - Processing enclosed elements
10:49:05.587 [Worker-23] INFO  o.a.AndroidAnnotationProcessor:251 - Number of files generated by AndroidAnnotations: 1
10:49:05.588 [Worker-23] INFO  o.a.g.ApiCodeGenerator:52 - Writting following API classes in project: []
10:49:05.588 [Worker-23] DEBUG o.a.g.SourceCodewriter:55 - Generating class: com.internet.act.qianyue.PoorPeopleDetailAct_
10:49:05.593 [Worker-23] INFO  o.a.p.TimeStats:81 - Time measurements: [Whole Processing = 32 ms], [Extract Annotations = 8 ms], [Find R Classes = 7 ms], [Generate Sources = 6 ms], [Extract Manifest = 4 ms], [Validate Annotations = 4 ms], [Process Annotations = 2 ms], 
10:49:05.594 [Worker-23] INFO  o.a.AndroidAnnotationProcessor:123 - Finish processing
10:49:12.963 [Worker-24] INFO  o.a.AndroidAnnotationProcessor:85 - Initialize AndroidAnnotations 3.0.1 with options {phase=BUILD}
10:49:12.964 [Worker-24] INFO  o.a.AndroidAnnotationProcessor:109 - Start processing for 7 annotations on 1 elements
10:49:12.973 [Worker-24] DEBUG o.a.h.AndroidManifestFinder:137 - AndroidManifest.xml file found in parent folder E:\BT\SwitchBT: E:\BT\SwitchBT\AndroidManifest.xml
10:49:12.975 [Worker-24] WARN  o.a.h.AndroidManifestFinder:252 - A class activity declared in the AndroidManifest.xml cannot be found in the compile path: [com.internet.act.qianyue.PoorPeopleDetailAct_]
10:49:12.976 [Worker-24] INFO  o.a.AndroidAnnotationProcessor:172 - AndroidManifest.xml found: AndroidManifest [applicationPackage=com.internet.switchbt, componentQualifiedNames=[com.internet.act.qianyue.LauncherAct_, com.internet.act.qianyue.LoginAct_, com.internet.act.qianyue.PoorPeopleListAct_, com.internet.act.qianyue.TownsListAct_, com.internet.act.qianyue.VillagesListAct_, com.internet.act.qianyue.AddRecordAct_, com.internet.act.qianyue.RecordDeatailAct_], permissionQualifiedNames=[android.permission.INTERNET, android.permission.RECORD_AUDIO, android.permission.ACCESS_NETWORK_STATE, android.permission.ACCESS_WIFI_STATE, android.permission.CHANGE_NETWORK_STATE, android.permission.READ_PHONE_STATE, android.permission.READ_CONTACTS, android.permission.CAMERA, android.hardware.camera.autofocus, android.permission.RECORD_AUDIO, android.permission.WRITE_EXTERNAL_STORAGE, android.permission.ACCESS_FINE_LOCATION, android.permission.ACCESS_COARSE_LOCATION, com.internet.turnright.b.permission.JPUSH_MESSAGE, android.permission.RECEIVE_USER_PRESENT, android.permission.INTERNET, android.permission.WAKE_LOCK, android.permission.READ_PHONE_STATE, android.permission.WRITE_EXTERNAL_STORAGE, android.permission.READ_EXTERNAL_STORAGE, android.permission.VIBRATE, android.permission.MOUNT_UNMOUNT_FILESYSTEMS, android.permission.ACCESS_NETWORK_STATE, android.permission.WRITE_SETTINGS, android.permission.ACCESS_COARSE_LOCATION, android.permission.ACCESS_WIFI_STATE, android.permission.CHANGE_WIFI_STATE, android.permission.ACCESS_FINE_LOCATION, android.permission.ACCESS_LOCATION_EXTRA_COMMANDS, android.permission.CHANGE_NETWORK_STATE, android.permission.CALL_PHONE, android.permission.READ_LOGS, android.permission.GET_TASKS, android.permission.SET_DEBUG_APP, android.permission.SYSTEM_ALERT_WINDOW, android.permission.GET_ACCOUNTS, android.permission.USE_CREDENTIALS, android.permission.MANAGE_ACCOUNTS], applicationClassName=com.internet.app.MainApplication, libraryProject=false, debugabble=false, minSdkVersion=14, maxSdkVersion=-1, targetSdkVersion=15]
10:49:12.976 [Worker-24] INFO  o.a.r.ProjectRClassFinder:50 - Found project R class: com.internet.switchbt.R
10:49:12.978 [Worker-24] INFO  o.a.r.AndroidRClassFinder:44 - Found Android class: android.R
10:49:12.982 [Worker-24] INFO  o.a.p.ModelValidator:42 - Validating elements
10:49:12.983 [Worker-24] DEBUG o.a.p.ModelValidator:62 - Validating with EActivityHandler: [com.internet.act.qianyue.PoorPeopleListAct]
10:49:12.983 [Worker-24] DEBUG o.a.p.ModelValidator:62 - Validating with ViewByIdHandler: [listView, image_search, view_header, edit_search]
10:49:12.984 [Worker-24] DEBUG o.a.p.ModelValidator:62 - Validating with ClickHandler: [void clickEnsureSearch() ]
10:49:12.985 [Worker-24] DEBUG o.a.p.ModelValidator:62 - Validating with ItemClickHandler: [void onItemClick(int) ]
10:49:12.985 [Worker-24] DEBUG o.a.p.ModelValidator:62 - Validating with AfterViewsHandler: [void init() ]
10:49:12.986 [Worker-24] DEBUG o.a.p.ModelValidator:62 - Validating with UiThreadHandler: [void freshList(com.internet.http.data.response.GetPoorPeopleResponse) ]
10:49:12.986 [Worker-24] DEBUG o.a.p.ModelValidator:62 - Validating with BackgroundHandler: [void getSiteList(java.lang.String) ]
10:49:12.987 [Worker-24] INFO  o.a.p.ModelProcessor:73 - Processing root elements
10:49:12.987 [Worker-24] DEBUG o.a.p.ModelProcessor:80 - Processing root elements EActivityHandler: [com.internet.act.qianyue.PoorPeopleListAct]
10:49:12.989 [Worker-24] INFO  o.a.p.ModelProcessor:104 - Processing enclosed elements
10:49:12.990 [Worker-24] DEBUG o.a.p.ModelProcessor:116 - Processing enclosed elements with UiThreadHandler: [org.androidannotations.model.AnnotationElements$AnnotatedAndRootElements@1c3addd8, org.androidannotations.model.AnnotationElements$AnnotatedAndRootElements@445ba77e, org.androidannotations.model.AnnotationElements$AnnotatedAndRootElements@393dd30b, org.androidannotations.model.AnnotationElements$AnnotatedAndRootElements@2d9fcc97, org.androidannotations.model.AnnotationElements$AnnotatedAndRootElements@22979d3c, org.androidannotations.model.AnnotationElements$AnnotatedAndRootElements@75e5a7ee, org.androidannotations.model.AnnotationElements$AnnotatedAndRootElements@180aec74]
10:49:12.991 [Worker-24] DEBUG o.a.p.ModelProcessor:116 - Processing enclosed elements with BackgroundHandler: [org.androidannotations.model.AnnotationElements$AnnotatedAndRootElements@15c62bac]
10:49:12.992 [Worker-24] INFO  o.a.AndroidAnnotationProcessor:251 - Number of files generated by AndroidAnnotations: 1
10:49:12.992 [Worker-24] INFO  o.a.g.ApiCodeGenerator:52 - Writting following API classes in project: []
10:49:12.993 [Worker-24] DEBUG o.a.g.SourceCodewriter:55 - Generating class: com.internet.act.qianyue.PoorPeopleListAct_
10:49:13.0 [Worker-24] INFO  o.a.p.TimeStats:81 - Time measurements: [Whole Processing = 36 ms], [Extract Annotations = 8 ms], [Generate Sources = 8 ms], [Find R Classes = 6 ms], [Validate Annotations = 5 ms], [Process Annotations = 5 ms], [Extract Manifest = 3 ms], 
10:49:13.1 [Worker-24] INFO  o.a.AndroidAnnotationProcessor:123 - Finish processing
10:49:45.341 [Worker-26] INFO  o.a.AndroidAnnotationProcessor:85 - Initialize AndroidAnnotations 3.0.1 with options {phase=BUILD}
10:49:45.342 [Worker-26] INFO  o.a.AndroidAnnotationProcessor:109 - Start processing for 6 annotations on 1 elements
10:49:45.349 [Worker-26] DEBUG o.a.h.AndroidManifestFinder:137 - AndroidManifest.xml file found in parent folder E:\BT\SwitchBT: E:\BT\SwitchBT\AndroidManifest.xml
10:49:45.351 [Worker-26] WARN  o.a.h.AndroidManifestFinder:252 - A class activity declared in the AndroidManifest.xml cannot be found in the compile path: [com.internet.act.qianyue.PoorPeopleDetailAct_]
10:49:45.352 [Worker-26] INFO  o.a.AndroidAnnotationProcessor:172 - AndroidManifest.xml found: AndroidManifest [applicationPackage=com.internet.switchbt, componentQualifiedNames=[com.internet.act.qianyue.LauncherAct_, com.internet.act.qianyue.LoginAct_, com.internet.act.qianyue.PoorPeopleListAct_, com.internet.act.qianyue.TownsListAct_, com.internet.act.qianyue.VillagesListAct_, com.internet.act.qianyue.AddRecordAct_, com.internet.act.qianyue.RecordDeatailAct_], permissionQualifiedNames=[android.permission.INTERNET, android.permission.RECORD_AUDIO, android.permission.ACCESS_NETWORK_STATE, android.permission.ACCESS_WIFI_STATE, android.permission.CHANGE_NETWORK_STATE, android.permission.READ_PHONE_STATE, android.permission.READ_CONTACTS, android.permission.CAMERA, android.hardware.camera.autofocus, android.permission.RECORD_AUDIO, android.permission.WRITE_EXTERNAL_STORAGE, android.permission.ACCESS_FINE_LOCATION, android.permission.ACCESS_COARSE_LOCATION, com.internet.turnright.b.permission.JPUSH_MESSAGE, android.permission.RECEIVE_USER_PRESENT, android.permission.INTERNET, android.permission.WAKE_LOCK, android.permission.READ_PHONE_STATE, android.permission.WRITE_EXTERNAL_STORAGE, android.permission.READ_EXTERNAL_STORAGE, android.permission.VIBRATE, android.permission.MOUNT_UNMOUNT_FILESYSTEMS, android.permission.ACCESS_NETWORK_STATE, android.permission.WRITE_SETTINGS, android.permission.ACCESS_COARSE_LOCATION, android.permission.ACCESS_WIFI_STATE, android.permission.CHANGE_WIFI_STATE, android.permission.ACCESS_FINE_LOCATION, android.permission.ACCESS_LOCATION_EXTRA_COMMANDS, android.permission.CHANGE_NETWORK_STATE, android.permission.CALL_PHONE, android.permission.READ_LOGS, android.permission.GET_TASKS, android.permission.SET_DEBUG_APP, android.permission.SYSTEM_ALERT_WINDOW, android.permission.GET_ACCOUNTS, android.permission.USE_CREDENTIALS, android.permission.MANAGE_ACCOUNTS], applicationClassName=com.internet.app.MainApplication, libraryProject=false, debugabble=false, minSdkVersion=14, maxSdkVersion=-1, targetSdkVersion=15]
10:49:45.353 [Worker-26] INFO  o.a.r.ProjectRClassFinder:50 - Found project R class: com.internet.switchbt.R
10:49:45.356 [Worker-26] INFO  o.a.r.AndroidRClassFinder:44 - Found Android class: android.R
10:49:45.360 [Worker-26] INFO  o.a.p.ModelValidator:42 - Validating elements
10:49:45.360 [Worker-26] DEBUG o.a.p.ModelValidator:62 - Validating with EActivityHandler: [com.internet.act.qianyue.PoorPeopleListAct]
10:49:45.361 [Worker-26] DEBUG o.a.p.ModelValidator:62 - Validating with ViewByIdHandler: [image_search, listView, view_header, edit_search]
10:49:45.362 [Worker-26] DEBUG o.a.p.ModelValidator:62 - Validating with ClickHandler: [void clickEnsureSearch() ]
10:49:45.363 [Worker-26] DEBUG o.a.p.ModelValidator:62 - Validating with AfterViewsHandler: [void init() ]
10:49:45.364 [Worker-26] DEBUG o.a.p.ModelValidator:62 - Validating with UiThreadHandler: [void freshList(com.internet.http.data.response.GetPoorPeopleResponse) ]
10:49:45.364 [Worker-26] DEBUG o.a.p.ModelValidator:62 - Validating with BackgroundHandler: [void getSiteList(java.lang.String) ]
10:49:45.365 [Worker-26] INFO  o.a.p.ModelProcessor:73 - Processing root elements
10:49:45.366 [Worker-26] DEBUG o.a.p.ModelProcessor:80 - Processing root elements EActivityHandler: [com.internet.act.qianyue.PoorPeopleListAct]
10:49:45.367 [Worker-26] INFO  o.a.p.ModelProcessor:104 - Processing enclosed elements
10:49:45.368 [Worker-26] DEBUG o.a.p.ModelProcessor:116 - Processing enclosed elements with UiThreadHandler: [org.androidannotations.model.AnnotationElements$AnnotatedAndRootElements@624fdb9f, org.androidannotations.model.AnnotationElements$AnnotatedAndRootElements@3f422745, org.androidannotations.model.AnnotationElements$AnnotatedAndRootElements@35b966b0, org.androidannotations.model.AnnotationElements$AnnotatedAndRootElements@1a01c17b, org.androidannotations.model.AnnotationElements$AnnotatedAndRootElements@77de98c4, org.androidannotations.model.AnnotationElements$AnnotatedAndRootElements@41b05afb, org.androidannotations.model.AnnotationElements$AnnotatedAndRootElements@7044bc7a]
10:49:45.369 [Worker-26] DEBUG o.a.p.ModelProcessor:116 - Processing enclosed elements with BackgroundHandler: [org.androidannotations.model.AnnotationElements$AnnotatedAndRootElements@3b99c775]
10:49:45.370 [Worker-26] INFO  o.a.AndroidAnnotationProcessor:251 - Number of files generated by AndroidAnnotations: 1
10:49:45.370 [Worker-26] INFO  o.a.g.ApiCodeGenerator:52 - Writting following API classes in project: []
10:49:45.370 [Worker-26] DEBUG o.a.g.SourceCodewriter:55 - Generating class: com.internet.act.qianyue.PoorPeopleListAct_
10:49:45.377 [Worker-26] INFO  o.a.p.TimeStats:81 - Time measurements: [Whole Processing = 35 ms], [Find R Classes = 7 ms], [Generate Sources = 7 ms], [Extract Annotations = 6 ms], [Process Annotations = 6 ms], [Validate Annotations = 4 ms], [Extract Manifest = 3 ms], 
10:49:45.378 [Worker-26] INFO  o.a.AndroidAnnotationProcessor:123 - Finish processing
10:50:07.806 [Worker-25] INFO  o.a.AndroidAnnotationProcessor:85 - Initialize AndroidAnnotations 3.0.1 with options {phase=BUILD}
10:50:07.807 [Worker-25] INFO  o.a.AndroidAnnotationProcessor:109 - Start processing for 7 annotations on 10 elements
10:50:07.817 [Worker-25] DEBUG o.a.h.AndroidManifestFinder:137 - AndroidManifest.xml file found in parent folder E:\BT\SwitchBT: E:\BT\SwitchBT\AndroidManifest.xml
10:50:07.818 [Worker-25] WARN  o.a.h.AndroidManifestFinder:252 - A class activity declared in the AndroidManifest.xml cannot be found in the compile path: [com.internet.act.bt.PoorPeopleDetailAct_]
10:50:07.819 [Worker-25] INFO  o.a.AndroidAnnotationProcessor:172 - AndroidManifest.xml found: AndroidManifest [applicationPackage=com.internet.switchbt, componentQualifiedNames=[com.internet.act.bt.LauncherAct_, com.internet.act.bt.LoginAct_, com.internet.act.bt.PoorPeopleListAct_, com.internet.act.bt.TownsListAct_, com.internet.act.bt.VillagesListAct_, com.internet.act.bt.AddRecordAct_, com.internet.act.bt.RecordDeatailAct_], permissionQualifiedNames=[android.permission.INTERNET, android.permission.RECORD_AUDIO, android.permission.ACCESS_NETWORK_STATE, android.permission.ACCESS_WIFI_STATE, android.permission.CHANGE_NETWORK_STATE, android.permission.READ_PHONE_STATE, android.permission.READ_CONTACTS, android.permission.CAMERA, android.hardware.camera.autofocus, android.permission.RECORD_AUDIO, android.permission.WRITE_EXTERNAL_STORAGE, android.permission.ACCESS_FINE_LOCATION, android.permission.ACCESS_COARSE_LOCATION, com.internet.turnright.b.permission.JPUSH_MESSAGE, android.permission.RECEIVE_USER_PRESENT, android.permission.INTERNET, android.permission.WAKE_LOCK, android.permission.READ_PHONE_STATE, android.permission.WRITE_EXTERNAL_STORAGE, android.permission.READ_EXTERNAL_STORAGE, android.permission.VIBRATE, android.permission.MOUNT_UNMOUNT_FILESYSTEMS, android.permission.ACCESS_NETWORK_STATE, android.permission.WRITE_SETTINGS, android.permission.ACCESS_COARSE_LOCATION, android.permission.ACCESS_WIFI_STATE, android.permission.CHANGE_WIFI_STATE, android.permission.ACCESS_FINE_LOCATION, android.permission.ACCESS_LOCATION_EXTRA_COMMANDS, android.permission.CHANGE_NETWORK_STATE, android.permission.CALL_PHONE, android.permission.READ_LOGS, android.permission.GET_TASKS, android.permission.SET_DEBUG_APP, android.permission.SYSTEM_ALERT_WINDOW, android.permission.GET_ACCOUNTS, android.permission.USE_CREDENTIALS, android.permission.MANAGE_ACCOUNTS], applicationClassName=com.internet.app.MainApplication, libraryProject=false, debugabble=false, minSdkVersion=14, maxSdkVersion=-1, targetSdkVersion=15]
10:50:07.820 [Worker-25] INFO  o.a.r.ProjectRClassFinder:50 - Found project R class: com.internet.switchbt.R
10:50:07.822 [Worker-25] INFO  o.a.r.AndroidRClassFinder:44 - Found Android class: android.R
10:50:07.826 [Worker-25] INFO  o.a.p.ModelValidator:42 - Validating elements
10:50:07.827 [Worker-25] DEBUG o.a.p.ModelValidator:62 - Validating with EActivityHandler: [com.internet.act.bt.AddRecordAct, com.internet.basic.BasicActivity, com.internet.act.bt.PoorPeopleListAct, com.internet.act.bt.RecordDeatailAct, com.internet.act.bt.LoginAct, com.internet.act.bt.LauncherAct, com.internet.act.bt.TownsListAct, com.internet.act.bt.VillagesListAct]
10:50:07.828 [Worker-25] WARN  o.a.h.AnnotationHelper:110 - The component BasicActivity_ is not registered in the AndroidManifest.xml file.
10:50:07.828 [Worker-25] DEBUG o.a.p.ModelValidator:62 - Validating with ViewByIdHandler: [edit_search, edit_search, image_date, et_helper, view_header, et_helper, image_date, et_title, et_address, image_search, view_header, view_header, listView, et_address, et_title, image_add, image_add, tv_date, listView, edit_search, image_search, et_content, et_content, view_header, listView, mEdit_mobile, view_header, tv_date, mEdit_pwd, image_search, listView, listView]
10:50:07.830 [Worker-25] DEBUG o.a.p.ModelValidator:62 - Validating with ClickHandler: [void clickImageAdd() , void login() , void clickEnsureSearch() , void clickEnsureSearch() , void clickImageAdd() , void clickDate() , void clickEnsureSearch() , void cancel() , void clickDate() , void regist() , void findPassword() ]
10:50:07.831 [Worker-25] DEBUG o.a.p.ModelValidator:62 - Validating with ItemClickHandler: [void onItemClick(int) , void onItemClick(int) ]
10:50:07.831 [Worker-25] DEBUG o.a.p.ModelValidator:62 - Validating with AfterViewsHandler: [void init() , void init() , void init() , void init() , void init() , void init() , void init() ]
10:50:07.832 [Worker-25] DEBUG o.a.p.ModelValidator:62 - Validating with UiThreadHandler: [public void showLoading(java.lang.String) , public void onApiException(com.internet.http.api.ApiException) , void goToMainAct() , void refreshView(com.internet.http.data.response.GerRecordDetailResponse) , public void showLoading() , public void closeLoading() , public void closeInputKeyboard() , public void showToast(java.lang.String) , public void fullScreen(boolean) , void freshList(com.internet.http.data.response.GetVillageListResponse) , void freshList(com.internet.http.data.response.GetPoorPeopleResponse) , void freshList(com.internet.http.data.response.GetTownResponse) , void startWelcomeAct() ]
10:50:07.833 [Worker-25] DEBUG o.a.p.ModelValidator:62 - Validating with BackgroundHandler: [void getSiteList() , void doSubmit() , protected void doBack() , void doLogin() , void doSubmit(java.lang.String) , void getSiteList() , void getSiteList(java.lang.String) ]
10:50:07.833 [Worker-25] INFO  o.a.p.ModelProcessor:73 - Processing root elements
10:50:07.834 [Worker-25] DEBUG o.a.p.ModelProcessor:80 - Processing root elements EActivityHandler: [com.internet.act.bt.AddRecordAct, com.internet.basic.BasicActivity, com.internet.act.bt.PoorPeopleListAct, com.internet.act.bt.RecordDeatailAct, com.internet.act.bt.LoginAct, com.internet.act.bt.LauncherAct, com.internet.act.bt.TownsListAct, com.internet.act.bt.VillagesListAct]
10:50:07.839 [Worker-25] INFO  o.a.p.ModelProcessor:104 - Processing enclosed elements
10:50:07.841 [Worker-25] DEBUG o.a.p.ModelProcessor:116 - Processing enclosed elements with UiThreadHandler: [org.androidannotations.model.AnnotationElements$AnnotatedAndRootElements@1179b5f8, org.androidannotations.model.AnnotationElements$AnnotatedAndRootElements@647623f7, org.androidannotations.model.AnnotationElements$AnnotatedAndRootElements@43b416b6, org.androidannotations.model.AnnotationElements$AnnotatedAndRootElements@1fa2fd21, org.androidannotations.model.AnnotationElements$AnnotatedAndRootElements@42432546, org.androidannotations.model.AnnotationElements$AnnotatedAndRootElements@13c92a4e, org.androidannotations.model.AnnotationElements$AnnotatedAndRootElements@669d5015, org.androidannotations.model.AnnotationElements$AnnotatedAndRootElements@2434c8bd, org.androidannotations.model.AnnotationElements$AnnotatedAndRootElements@64b203be, org.androidannotations.model.AnnotationElements$AnnotatedAndRootElements@2fb205bc, org.androidannotations.model.AnnotationElements$AnnotatedAndRootElements@54966a84, org.androidannotations.model.AnnotationElements$AnnotatedAndRootElements@3fe6d6d, org.androidannotations.model.AnnotationElements$AnnotatedAndRootElements@456d2d77, org.androidannotations.model.AnnotationElements$AnnotatedAndRootElements@5037a6ab, org.androidannotations.model.AnnotationElements$AnnotatedAndRootElements@601cda02, org.androidannotations.model.AnnotationElements$AnnotatedAndRootElements@6f9f6f3e, org.androidannotations.model.AnnotationElements$AnnotatedAndRootElements@1ee33940, org.androidannotations.model.AnnotationElements$AnnotatedAndRootElements@4c9726c, org.androidannotations.model.AnnotationElements$AnnotatedAndRootElements@5b93c734, org.androidannotations.model.AnnotationElements$AnnotatedAndRootElements@c6e161, org.androidannotations.model.AnnotationElements$AnnotatedAndRootElements@57466761, org.androidannotations.model.AnnotationElements$AnnotatedAndRootElements@59140f3e, org.androidannotations.model.AnnotationElements$AnnotatedAndRootElements@529fa0b2, org.androidannotations.model.AnnotationElements$AnnotatedAndRootElements@251f7eb1, org.androidannotations.model.AnnotationElements$AnnotatedAndRootElements@684ca1fc, org.androidannotations.model.AnnotationElements$AnnotatedAndRootElements@28d0de64, org.androidannotations.model.AnnotationElements$AnnotatedAndRootElements@2424ee9f, org.androidannotations.model.AnnotationElements$AnnotatedAndRootElements@3b1038c, org.androidannotations.model.AnnotationElements$AnnotatedAndRootElements@608579c5, org.androidannotations.model.AnnotationElements$AnnotatedAndRootElements@16fb963a, org.androidannotations.model.AnnotationElements$AnnotatedAndRootElements@2660c5a2, org.androidannotations.model.AnnotationElements$AnnotatedAndRootElements@5445de02, org.androidannotations.model.AnnotationElements$AnnotatedAndRootElements@1cf1a836, org.androidannotations.model.AnnotationElements$AnnotatedAndRootElements@1abafff2, org.androidannotations.model.AnnotationElements$AnnotatedAndRootElements@71552a9f, org.androidannotations.model.AnnotationElements$AnnotatedAndRootElements@22f79da2, org.androidannotations.model.AnnotationElements$AnnotatedAndRootElements@557a19a2, org.androidannotations.model.AnnotationElements$AnnotatedAndRootElements@7f5ebb06, org.androidannotations.model.AnnotationElements$AnnotatedAndRootElements@19e4883d, org.androidannotations.model.AnnotationElements$AnnotatedAndRootElements@dcf9513, org.androidannotations.model.AnnotationElements$AnnotatedAndRootElements@5f433d9d, org.androidannotations.model.AnnotationElements$AnnotatedAndRootElements@192c1ec5, org.androidannotations.model.AnnotationElements$AnnotatedAndRootElements@303e14d5, org.androidannotations.model.AnnotationElements$AnnotatedAndRootElements@1210b9e0, org.androidannotations.model.AnnotationElements$AnnotatedAndRootElements@5c6a034, org.androidannotations.model.AnnotationElements$AnnotatedAndRootElements@3769469b, org.androidannotations.model.AnnotationElements$AnnotatedAndRootElements@6e06aaf4, org.androidannotations.model.AnnotationElements$AnnotatedAndRootElements@6867ca94, org.androidannotations.model.AnnotationElements$AnnotatedAndRootElements@2ba08f55]
10:50:07.843 [Worker-25] DEBUG o.a.p.ModelProcessor:116 - Processing enclosed elements with BackgroundHandler: [org.androidannotations.model.AnnotationElements$AnnotatedAndRootElements@606fc3eb, org.androidannotations.model.AnnotationElements$AnnotatedAndRootElements@6ffd0305, org.androidannotations.model.AnnotationElements$AnnotatedAndRootElements@18dceaf4, org.androidannotations.model.AnnotationElements$AnnotatedAndRootElements@7af3fa5a, org.androidannotations.model.AnnotationElements$AnnotatedAndRootElements@405c40f, org.androidannotations.model.AnnotationElements$AnnotatedAndRootElements@24b31cbf, org.androidannotations.model.AnnotationElements$AnnotatedAndRootElements@422018bd]
10:50:07.844 [Worker-25] INFO  o.a.AndroidAnnotationProcessor:251 - Number of files generated by AndroidAnnotations: 8
10:50:07.844 [Worker-25] INFO  o.a.g.ApiCodeGenerator:52 - Writting following API classes in project: []
10:50:07.845 [Worker-25] DEBUG o.a.g.SourceCodewriter:55 - Generating class: com.internet.basic.BasicActivity_
10:50:07.862 [Worker-25] DEBUG o.a.g.SourceCodewriter:55 - Generating class: com.internet.act.bt.AddRecordAct_
10:50:07.867 [Worker-25] DEBUG o.a.g.SourceCodewriter:55 - Generating class: com.internet.act.bt.LauncherAct_
10:50:07.869 [Worker-25] DEBUG o.a.g.SourceCodewriter:55 - Generating class: com.internet.act.bt.LoginAct_
10:50:07.871 [Worker-25] DEBUG o.a.g.SourceCodewriter:55 - Generating class: com.internet.act.bt.PoorPeopleListAct_
10:50:07.873 [Worker-25] DEBUG o.a.g.SourceCodewriter:55 - Generating class: com.internet.act.bt.RecordDeatailAct_
10:50:07.884 [Worker-25] DEBUG o.a.g.SourceCodewriter:55 - Generating class: com.internet.act.bt.TownsListAct_
10:50:07.887 [Worker-25] DEBUG o.a.g.SourceCodewriter:55 - Generating class: com.internet.act.bt.VillagesListAct_
10:50:07.889 [Worker-25] INFO  o.a.p.TimeStats:81 - Time measurements: [Whole Processing = 82 ms], [Generate Sources = 45 ms], [Process Annotations = 11 ms], [Extract Annotations = 8 ms], [Validate Annotations = 7 ms], [Find R Classes = 6 ms], [Extract Manifest = 3 ms], 
10:50:07.890 [Worker-25] INFO  o.a.AndroidAnnotationProcessor:123 - Finish processing
10:50:49.977 [Worker-23] INFO  o.a.AndroidAnnotationProcessor:85 - Initialize AndroidAnnotations 3.0.1 with options {phase=BUILD}
10:50:49.977 [Worker-23] INFO  o.a.AndroidAnnotationProcessor:109 - Start processing for 3 annotations on 2 elements
10:50:49.984 [Worker-23] DEBUG o.a.h.AndroidManifestFinder:137 - AndroidManifest.xml file found in parent folder E:\BT\SwitchBT: E:\BT\SwitchBT\AndroidManifest.xml
10:50:49.986 [Worker-23] WARN  o.a.h.AndroidManifestFinder:252 - A class activity declared in the AndroidManifest.xml cannot be found in the compile path: [com.internet.act.bt.PoorPeopleDetailAct_]
10:50:49.987 [Worker-23] INFO  o.a.AndroidAnnotationProcessor:172 - AndroidManifest.xml found: AndroidManifest [applicationPackage=com.internet.switchbt, componentQualifiedNames=[com.internet.act.bt.LauncherAct_, com.internet.act.bt.LoginAct_, com.internet.act.bt.PoorPeopleListAct_, com.internet.act.bt.TownsListAct_, com.internet.act.bt.VillagesListAct_, com.internet.act.bt.AddRecordAct_, com.internet.act.bt.RecordDeatailAct_], permissionQualifiedNames=[android.permission.INTERNET, android.permission.RECORD_AUDIO, android.permission.ACCESS_NETWORK_STATE, android.permission.ACCESS_WIFI_STATE, android.permission.CHANGE_NETWORK_STATE, android.permission.READ_PHONE_STATE, android.permission.READ_CONTACTS, android.permission.CAMERA, android.hardware.camera.autofocus, android.permission.RECORD_AUDIO, android.permission.WRITE_EXTERNAL_STORAGE, android.permission.ACCESS_FINE_LOCATION, android.permission.ACCESS_COARSE_LOCATION, com.internet.turnright.b.permission.JPUSH_MESSAGE, android.permission.RECEIVE_USER_PRESENT, android.permission.INTERNET, android.permission.WAKE_LOCK, android.permission.READ_PHONE_STATE, android.permission.WRITE_EXTERNAL_STORAGE, android.permission.READ_EXTERNAL_STORAGE, android.permission.VIBRATE, android.permission.MOUNT_UNMOUNT_FILESYSTEMS, android.permission.ACCESS_NETWORK_STATE, android.permission.WRITE_SETTINGS, android.permission.ACCESS_COARSE_LOCATION, android.permission.ACCESS_WIFI_STATE, android.permission.CHANGE_WIFI_STATE, android.permission.ACCESS_FINE_LOCATION, android.permission.ACCESS_LOCATION_EXTRA_COMMANDS, android.permission.CHANGE_NETWORK_STATE, android.permission.CALL_PHONE, android.permission.READ_LOGS, android.permission.GET_TASKS, android.permission.SET_DEBUG_APP, android.permission.SYSTEM_ALERT_WINDOW, android.permission.GET_ACCOUNTS, android.permission.USE_CREDENTIALS, android.permission.MANAGE_ACCOUNTS], applicationClassName=com.internet.app.MainApplication, libraryProject=false, debugabble=false, minSdkVersion=14, maxSdkVersion=-1, targetSdkVersion=15]
10:50:49.987 [Worker-23] INFO  o.a.r.ProjectRClassFinder:50 - Found project R class: com.internet.switchbt.R
10:50:49.989 [Worker-23] INFO  o.a.r.AndroidRClassFinder:44 - Found Android class: android.R
10:50:49.992 [Worker-23] INFO  o.a.p.ModelValidator:42 - Validating elements
10:50:49.992 [Worker-23] DEBUG o.a.p.ModelValidator:62 - Validating with EActivityHandler: [com.internet.basic.BasicActivity]
10:50:49.993 [Worker-23] WARN  o.a.h.AnnotationHelper:110 - The component BasicActivity_ is not registered in the AndroidManifest.xml file.
10:50:49.993 [Worker-23] DEBUG o.a.p.ModelValidator:62 - Validating with UiThreadHandler: [public void onApiException(com.internet.http.api.ApiException) , public void closeLoading() , public void closeInputKeyboard() , public void showToast(java.lang.String) , public void showLoading(java.lang.String) , public void showLoading() , public void fullScreen(boolean) ]
10:50:49.993 [Worker-23] DEBUG o.a.p.ModelValidator:62 - Validating with BackgroundHandler: [protected void doBack() ]
10:50:49.994 [Worker-23] INFO  o.a.p.ModelProcessor:73 - Processing root elements
10:50:49.994 [Worker-23] DEBUG o.a.p.ModelProcessor:80 - Processing root elements EActivityHandler: [com.internet.basic.BasicActivity]
10:50:49.996 [Worker-23] INFO  o.a.p.ModelProcessor:104 - Processing enclosed elements
10:50:49.997 [Worker-23] INFO  o.a.AndroidAnnotationProcessor:251 - Number of files generated by AndroidAnnotations: 1
10:50:49.997 [Worker-23] INFO  o.a.g.ApiCodeGenerator:52 - Writting following API classes in project: []
10:50:49.998 [Worker-23] DEBUG o.a.g.SourceCodewriter:55 - Generating class: com.internet.basic.BasicActivity_
10:50:50.4 [Worker-23] INFO  o.a.p.TimeStats:81 - Time measurements: [Whole Processing = 27 ms], [Generate Sources = 7 ms], [Extract Annotations = 6 ms], [Find R Classes = 5 ms], [Extract Manifest = 3 ms], [Process Annotations = 3 ms], [Validate Annotations = 2 ms], 
10:50:50.5 [Worker-23] INFO  o.a.AndroidAnnotationProcessor:123 - Finish processing
10:50:52.571 [Worker-27] INFO  o.a.AndroidAnnotationProcessor:85 - Initialize AndroidAnnotations 3.0.1 with options {phase=BUILD}
10:50:52.572 [Worker-27] INFO  o.a.AndroidAnnotationProcessor:109 - Start processing for 3 annotations on 1 elements
10:50:52.587 [Worker-27] DEBUG o.a.h.AndroidManifestFinder:137 - AndroidManifest.xml file found in parent folder E:\BT\SwitchBT: E:\BT\SwitchBT\AndroidManifest.xml
10:50:52.589 [Worker-27] WARN  o.a.h.AndroidManifestFinder:252 - A class activity declared in the AndroidManifest.xml cannot be found in the compile path: [com.internet.act.bt.PoorPeopleDetailAct_]
10:50:52.589 [Worker-27] INFO  o.a.AndroidAnnotationProcessor:172 - AndroidManifest.xml found: AndroidManifest [applicationPackage=com.internet.switchbt, componentQualifiedNames=[com.internet.act.bt.LauncherAct_, com.internet.act.bt.LoginAct_, com.internet.act.bt.PoorPeopleListAct_, com.internet.act.bt.TownsListAct_, com.internet.act.bt.VillagesListAct_, com.internet.act.bt.AddRecordAct_, com.internet.act.bt.RecordDeatailAct_], permissionQualifiedNames=[android.permission.INTERNET, android.permission.RECORD_AUDIO, android.permission.ACCESS_NETWORK_STATE, android.permission.ACCESS_WIFI_STATE, android.permission.CHANGE_NETWORK_STATE, android.permission.READ_PHONE_STATE, android.permission.READ_CONTACTS, android.permission.CAMERA, android.hardware.camera.autofocus, android.permission.RECORD_AUDIO, android.permission.WRITE_EXTERNAL_STORAGE, android.permission.ACCESS_FINE_LOCATION, android.permission.ACCESS_COARSE_LOCATION, com.internet.turnright.b.permission.JPUSH_MESSAGE, android.permission.RECEIVE_USER_PRESENT, android.permission.INTERNET, android.permission.WAKE_LOCK, android.permission.READ_PHONE_STATE, android.permission.WRITE_EXTERNAL_STORAGE, android.permission.READ_EXTERNAL_STORAGE, android.permission.VIBRATE, android.permission.MOUNT_UNMOUNT_FILESYSTEMS, android.permission.ACCESS_NETWORK_STATE, android.permission.WRITE_SETTINGS, android.permission.ACCESS_COARSE_LOCATION, android.permission.ACCESS_WIFI_STATE, android.permission.CHANGE_WIFI_STATE, android.permission.ACCESS_FINE_LOCATION, android.permission.ACCESS_LOCATION_EXTRA_COMMANDS, android.permission.CHANGE_NETWORK_STATE, android.permission.CALL_PHONE, android.permission.READ_LOGS, android.permission.GET_TASKS, android.permission.SET_DEBUG_APP, android.permission.SYSTEM_ALERT_WINDOW, android.permission.GET_ACCOUNTS, android.permission.USE_CREDENTIALS, android.permission.MANAGE_ACCOUNTS], applicationClassName=com.internet.app.MainApplication, libraryProject=false, debugabble=false, minSdkVersion=14, maxSdkVersion=-1, targetSdkVersion=15]
10:50:52.590 [Worker-27] INFO  o.a.r.ProjectRClassFinder:50 - Found project R class: com.internet.switchbt.R
10:50:52.592 [Worker-27] INFO  o.a.r.AndroidRClassFinder:44 - Found Android class: android.R
10:50:52.595 [Worker-27] INFO  o.a.p.ModelValidator:42 - Validating elements
10:50:52.595 [Worker-27] DEBUG o.a.p.ModelValidator:62 - Validating with EActivityHandler: [com.internet.basic.BasicActivity]
10:50:52.596 [Worker-27] WARN  o.a.h.AnnotationHelper:110 - The component BasicActivity_ is not registered in the AndroidManifest.xml file.
10:50:52.596 [Worker-27] DEBUG o.a.p.ModelValidator:62 - Validating with UiThreadHandler: [public void closeInputKeyboard() , public void showToast(java.lang.String) , public void onApiException(com.internet.http.api.ApiException) , public void showLoading(java.lang.String) , public void closeLoading() , public void fullScreen(boolean) , public void showLoading() ]
10:50:52.596 [Worker-27] DEBUG o.a.p.ModelValidator:62 - Validating with BackgroundHandler: [protected void doBack() ]
10:50:52.596 [Worker-27] INFO  o.a.p.ModelProcessor:73 - Processing root elements
10:50:52.596 [Worker-27] DEBUG o.a.p.ModelProcessor:80 - Processing root elements EActivityHandler: [com.internet.basic.BasicActivity]
10:50:52.598 [Worker-27] INFO  o.a.p.ModelProcessor:104 - Processing enclosed elements
10:50:52.598 [Worker-27] INFO  o.a.AndroidAnnotationProcessor:251 - Number of files generated by AndroidAnnotations: 1
10:50:52.599 [Worker-27] INFO  o.a.g.ApiCodeGenerator:52 - Writting following API classes in project: []
10:50:52.599 [Worker-27] DEBUG o.a.g.SourceCodewriter:55 - Generating class: com.internet.basic.BasicActivity_
10:50:52.606 [Worker-27] INFO  o.a.p.TimeStats:81 - Time measurements: [Whole Processing = 34 ms], [Extract Annotations = 15 ms], [Generate Sources = 8 ms], [Find R Classes = 5 ms], [Extract Manifest = 2 ms], [Process Annotations = 2 ms], [Validate Annotations = 1 ms], 
10:50:52.606 [Worker-27] INFO  o.a.AndroidAnnotationProcessor:123 - Finish processing
10:51:11.89 [Worker-21] INFO  o.a.AndroidAnnotationProcessor:85 - Initialize AndroidAnnotations 3.0.1 with options {phase=BUILD}
10:51:11.90 [Worker-21] INFO  o.a.AndroidAnnotationProcessor:109 - Start processing for 3 annotations on 1 elements
10:51:11.98 [Worker-21] DEBUG o.a.h.AndroidManifestFinder:137 - AndroidManifest.xml file found in parent folder E:\BT\SwitchBT: E:\BT\SwitchBT\AndroidManifest.xml
10:51:11.99 [Worker-21] WARN  o.a.h.AndroidManifestFinder:252 - A class activity declared in the AndroidManifest.xml cannot be found in the compile path: [com.internet.act.bt.PoorPeopleDetailAct_]
10:51:11.100 [Worker-21] INFO  o.a.AndroidAnnotationProcessor:172 - AndroidManifest.xml found: AndroidManifest [applicationPackage=com.internet.switchbt, componentQualifiedNames=[com.internet.act.bt.LauncherAct_, com.internet.act.bt.LoginAct_, com.internet.act.bt.PoorPeopleListAct_, com.internet.act.bt.TownsListAct_, com.internet.act.bt.VillagesListAct_, com.internet.act.bt.AddRecordAct_, com.internet.act.bt.RecordDeatailAct_], permissionQualifiedNames=[android.permission.INTERNET, android.permission.RECORD_AUDIO, android.permission.ACCESS_NETWORK_STATE, android.permission.ACCESS_WIFI_STATE, android.permission.CHANGE_NETWORK_STATE, android.permission.READ_PHONE_STATE, android.permission.READ_CONTACTS, android.permission.CAMERA, android.hardware.camera.autofocus, android.permission.RECORD_AUDIO, android.permission.WRITE_EXTERNAL_STORAGE, android.permission.ACCESS_FINE_LOCATION, android.permission.ACCESS_COARSE_LOCATION, com.internet.turnright.b.permission.JPUSH_MESSAGE, android.permission.RECEIVE_USER_PRESENT, android.permission.INTERNET, android.permission.WAKE_LOCK, android.permission.READ_PHONE_STATE, android.permission.WRITE_EXTERNAL_STORAGE, android.permission.READ_EXTERNAL_STORAGE, android.permission.VIBRATE, android.permission.MOUNT_UNMOUNT_FILESYSTEMS, android.permission.ACCESS_NETWORK_STATE, android.permission.WRITE_SETTINGS, android.permission.ACCESS_COARSE_LOCATION, android.permission.ACCESS_WIFI_STATE, android.permission.CHANGE_WIFI_STATE, android.permission.ACCESS_FINE_LOCATION, android.permission.ACCESS_LOCATION_EXTRA_COMMANDS, android.permission.CHANGE_NETWORK_STATE, android.permission.CALL_PHONE, android.permission.READ_LOGS, android.permission.GET_TASKS, android.permission.SET_DEBUG_APP, android.permission.SYSTEM_ALERT_WINDOW, android.permission.GET_ACCOUNTS, android.permission.USE_CREDENTIALS, android.permission.MANAGE_ACCOUNTS], applicationClassName=com.internet.app.MainApplication, libraryProject=false, debugabble=false, minSdkVersion=14, maxSdkVersion=-1, targetSdkVersion=15]
10:51:11.101 [Worker-21] INFO  o.a.r.ProjectRClassFinder:50 - Found project R class: com.internet.switchbt.R
10:51:11.102 [Worker-21] INFO  o.a.r.AndroidRClassFinder:44 - Found Android class: android.R
10:51:11.107 [Worker-21] INFO  o.a.p.ModelValidator:42 - Validating elements
10:51:11.107 [Worker-21] DEBUG o.a.p.ModelValidator:62 - Validating with EActivityHandler: [com.internet.act.bt.LauncherAct]
10:51:11.108 [Worker-21] DEBUG o.a.p.ModelValidator:62 - Validating with AfterViewsHandler: [void init() ]
10:51:11.108 [Worker-21] DEBUG o.a.p.ModelValidator:62 - Validating with UiThreadHandler: [void startWelcomeAct() ]
10:51:11.109 [Worker-21] INFO  o.a.p.ModelProcessor:73 - Processing root elements
10:51:11.109 [Worker-21] DEBUG o.a.p.ModelProcessor:80 - Processing root elements EActivityHandler: [com.internet.act.bt.LauncherAct]
10:51:11.110 [Worker-21] INFO  o.a.p.ModelProcessor:104 - Processing enclosed elements
10:51:11.111 [Worker-21] DEBUG o.a.p.ModelProcessor:116 - Processing enclosed elements with UiThreadHandler: [org.androidannotations.model.AnnotationElements$AnnotatedAndRootElements@3b960ab, org.androidannotations.model.AnnotationElements$AnnotatedAndRootElements@6d52f420, org.androidannotations.model.AnnotationElements$AnnotatedAndRootElements@251e0826, org.androidannotations.model.AnnotationElements$AnnotatedAndRootElements@32362e7a, org.androidannotations.model.AnnotationElements$AnnotatedAndRootElements@29de0f60, org.androidannotations.model.AnnotationElements$AnnotatedAndRootElements@10803fcf, org.androidannotations.model.AnnotationElements$AnnotatedAndRootElements@2ad5905a]
10:51:11.111 [Worker-21] DEBUG o.a.p.ModelProcessor:116 - Processing enclosed elements with BackgroundHandler: [org.androidannotations.model.AnnotationElements$AnnotatedAndRootElements@5b4fa42c]
10:51:11.112 [Worker-21] INFO  o.a.AndroidAnnotationProcessor:251 - Number of files generated by AndroidAnnotations: 1
10:51:11.112 [Worker-21] INFO  o.a.g.ApiCodeGenerator:52 - Writting following API classes in project: []
10:51:11.113 [Worker-21] DEBUG o.a.g.SourceCodewriter:55 - Generating class: com.internet.act.bt.LauncherAct_
10:51:11.119 [Worker-21] INFO  o.a.p.TimeStats:81 - Time measurements: [Whole Processing = 29 ms], [Extract Annotations = 7 ms], [Generate Sources = 7 ms], [Find R Classes = 6 ms], [Process Annotations = 3 ms], [Extract Manifest = 2 ms], [Validate Annotations = 2 ms], 
10:51:11.120 [Worker-21] INFO  o.a.AndroidAnnotationProcessor:123 - Finish processing
10:51:17.174 [Worker-28] INFO  o.a.AndroidAnnotationProcessor:85 - Initialize AndroidAnnotations 3.0.1 with options {phase=BUILD}
10:51:17.175 [Worker-28] INFO  o.a.AndroidAnnotationProcessor:109 - Start processing for 6 annotations on 1 elements
10:51:17.182 [Worker-28] DEBUG o.a.h.AndroidManifestFinder:137 - AndroidManifest.xml file found in parent folder E:\BT\SwitchBT: E:\BT\SwitchBT\AndroidManifest.xml
10:51:17.184 [Worker-28] WARN  o.a.h.AndroidManifestFinder:252 - A class activity declared in the AndroidManifest.xml cannot be found in the compile path: [com.internet.act.bt.PoorPeopleDetailAct_]
10:51:17.185 [Worker-28] INFO  o.a.AndroidAnnotationProcessor:172 - AndroidManifest.xml found: AndroidManifest [applicationPackage=com.internet.switchbt, componentQualifiedNames=[com.internet.act.bt.LauncherAct_, com.internet.act.bt.LoginAct_, com.internet.act.bt.PoorPeopleListAct_, com.internet.act.bt.TownsListAct_, com.internet.act.bt.VillagesListAct_, com.internet.act.bt.AddRecordAct_, com.internet.act.bt.RecordDeatailAct_], permissionQualifiedNames=[android.permission.INTERNET, android.permission.RECORD_AUDIO, android.permission.ACCESS_NETWORK_STATE, android.permission.ACCESS_WIFI_STATE, android.permission.CHANGE_NETWORK_STATE, android.permission.READ_PHONE_STATE, android.permission.READ_CONTACTS, android.permission.CAMERA, android.hardware.camera.autofocus, android.permission.RECORD_AUDIO, android.permission.WRITE_EXTERNAL_STORAGE, android.permission.ACCESS_FINE_LOCATION, android.permission.ACCESS_COARSE_LOCATION, com.internet.turnright.b.permission.JPUSH_MESSAGE, android.permission.RECEIVE_USER_PRESENT, android.permission.INTERNET, android.permission.WAKE_LOCK, android.permission.READ_PHONE_STATE, android.permission.WRITE_EXTERNAL_STORAGE, android.permission.READ_EXTERNAL_STORAGE, android.permission.VIBRATE, android.permission.MOUNT_UNMOUNT_FILESYSTEMS, android.permission.ACCESS_NETWORK_STATE, android.permission.WRITE_SETTINGS, android.permission.ACCESS_COARSE_LOCATION, android.permission.ACCESS_WIFI_STATE, android.permission.CHANGE_WIFI_STATE, android.permission.ACCESS_FINE_LOCATION, android.permission.ACCESS_LOCATION_EXTRA_COMMANDS, android.permission.CHANGE_NETWORK_STATE, android.permission.CALL_PHONE, android.permission.READ_LOGS, android.permission.GET_TASKS, android.permission.SET_DEBUG_APP, android.permission.SYSTEM_ALERT_WINDOW, android.permission.GET_ACCOUNTS, android.permission.USE_CREDENTIALS, android.permission.MANAGE_ACCOUNTS], applicationClassName=com.internet.app.MainApplication, libraryProject=false, debugabble=false, minSdkVersion=14, maxSdkVersion=-1, targetSdkVersion=15]
10:51:17.185 [Worker-28] INFO  o.a.r.ProjectRClassFinder:50 - Found project R class: com.internet.switchbt.R
10:51:17.187 [Worker-28] INFO  o.a.r.AndroidRClassFinder:44 - Found Android class: android.R
10:51:17.191 [Worker-28] INFO  o.a.p.ModelValidator:42 - Validating elements
10:51:17.191 [Worker-28] DEBUG o.a.p.ModelValidator:62 - Validating with EActivityHandler: [com.internet.act.bt.LoginAct]
10:51:17.192 [Worker-28] DEBUG o.a.p.ModelValidator:62 - Validating with ViewByIdHandler: [mEdit_mobile, mEdit_pwd]
10:51:17.193 [Worker-28] DEBUG o.a.p.ModelValidator:62 - Validating with ClickHandler: [void login() , void regist() , void findPassword() , void cancel() ]
10:51:17.194 [Worker-28] DEBUG o.a.p.ModelValidator:62 - Validating with AfterViewsHandler: [void init() ]
10:51:17.194 [Worker-28] DEBUG o.a.p.ModelValidator:62 - Validating with UiThreadHandler: [void goToMainAct() ]
10:51:17.194 [Worker-28] DEBUG o.a.p.ModelValidator:62 - Validating with BackgroundHandler: [void doLogin() ]
10:51:17.195 [Worker-28] INFO  o.a.p.ModelProcessor:73 - Processing root elements
10:51:17.195 [Worker-28] DEBUG o.a.p.ModelProcessor:80 - Processing root elements EActivityHandler: [com.internet.act.bt.LoginAct]
10:51:17.197 [Worker-28] INFO  o.a.p.ModelProcessor:104 - Processing enclosed elements
10:51:17.197 [Worker-28] DEBUG o.a.p.ModelProcessor:116 - Processing enclosed elements with UiThreadHandler: [org.androidannotations.model.AnnotationElements$AnnotatedAndRootElements@1e5f9b5, org.androidannotations.model.AnnotationElements$AnnotatedAndRootElements@3dede58c, org.androidannotations.model.AnnotationElements$AnnotatedAndRootElements@1bb64353, org.androidannotations.model.AnnotationElements$AnnotatedAndRootElements@797127a4, org.androidannotations.model.AnnotationElements$AnnotatedAndRootElements@7f8857d0, org.androidannotations.model.AnnotationElements$AnnotatedAndRootElements@49a5042c, org.androidannotations.model.AnnotationElements$AnnotatedAndRootElements@48e3de7d]
10:51:17.198 [Worker-28] DEBUG o.a.p.ModelProcessor:116 - Processing enclosed elements with BackgroundHandler: [org.androidannotations.model.AnnotationElements$AnnotatedAndRootElements@3a02c258]
10:51:17.199 [Worker-28] INFO  o.a.AndroidAnnotationProcessor:251 - Number of files generated by AndroidAnnotations: 1
10:51:17.199 [Worker-28] INFO  o.a.g.ApiCodeGenerator:52 - Writting following API classes in project: []
10:51:17.199 [Worker-28] DEBUG o.a.g.SourceCodewriter:55 - Generating class: com.internet.act.bt.LoginAct_
10:51:17.206 [Worker-28] INFO  o.a.p.TimeStats:81 - Time measurements: [Whole Processing = 31 ms], [Extract Annotations = 7 ms], [Generate Sources = 7 ms], [Find R Classes = 6 ms], [Validate Annotations = 4 ms], [Process Annotations = 4 ms], [Extract Manifest = 3 ms], 
10:51:17.209 [Worker-28] INFO  o.a.AndroidAnnotationProcessor:123 - Finish processing
10:51:21.619 [Worker-11] INFO  o.a.AndroidAnnotationProcessor:85 - Initialize AndroidAnnotations 3.0.1 with options {phase=BUILD}
10:51:21.620 [Worker-11] INFO  o.a.AndroidAnnotationProcessor:109 - Start processing for 7 annotations on 1 elements
10:51:21.628 [Worker-11] DEBUG o.a.h.AndroidManifestFinder:137 - AndroidManifest.xml file found in parent folder E:\BT\SwitchBT: E:\BT\SwitchBT\AndroidManifest.xml
10:51:21.630 [Worker-11] WARN  o.a.h.AndroidManifestFinder:252 - A class activity declared in the AndroidManifest.xml cannot be found in the compile path: [com.internet.act.bt.PoorPeopleDetailAct_]
10:51:21.631 [Worker-11] INFO  o.a.AndroidAnnotationProcessor:172 - AndroidManifest.xml found: AndroidManifest [applicationPackage=com.internet.switchbt, componentQualifiedNames=[com.internet.act.bt.LauncherAct_, com.internet.act.bt.LoginAct_, com.internet.act.bt.PoorPeopleListAct_, com.internet.act.bt.TownsListAct_, com.internet.act.bt.VillagesListAct_, com.internet.act.bt.AddRecordAct_, com.internet.act.bt.RecordDeatailAct_], permissionQualifiedNames=[android.permission.INTERNET, android.permission.RECORD_AUDIO, android.permission.ACCESS_NETWORK_STATE, android.permission.ACCESS_WIFI_STATE, android.permission.CHANGE_NETWORK_STATE, android.permission.READ_PHONE_STATE, android.permission.READ_CONTACTS, android.permission.CAMERA, android.hardware.camera.autofocus, android.permission.RECORD_AUDIO, android.permission.WRITE_EXTERNAL_STORAGE, android.permission.ACCESS_FINE_LOCATION, android.permission.ACCESS_COARSE_LOCATION, com.internet.turnright.b.permission.JPUSH_MESSAGE, android.permission.RECEIVE_USER_PRESENT, android.permission.INTERNET, android.permission.WAKE_LOCK, android.permission.READ_PHONE_STATE, android.permission.WRITE_EXTERNAL_STORAGE, android.permission.READ_EXTERNAL_STORAGE, android.permission.VIBRATE, android.permission.MOUNT_UNMOUNT_FILESYSTEMS, android.permission.ACCESS_NETWORK_STATE, android.permission.WRITE_SETTINGS, android.permission.ACCESS_COARSE_LOCATION, android.permission.ACCESS_WIFI_STATE, android.permission.CHANGE_WIFI_STATE, android.permission.ACCESS_FINE_LOCATION, android.permission.ACCESS_LOCATION_EXTRA_COMMANDS, android.permission.CHANGE_NETWORK_STATE, android.permission.CALL_PHONE, android.permission.READ_LOGS, android.permission.GET_TASKS, android.permission.SET_DEBUG_APP, android.permission.SYSTEM_ALERT_WINDOW, android.permission.GET_ACCOUNTS, android.permission.USE_CREDENTIALS, android.permission.MANAGE_ACCOUNTS], applicationClassName=com.internet.app.MainApplication, libraryProject=false, debugabble=false, minSdkVersion=14, maxSdkVersion=-1, targetSdkVersion=15]
10:51:21.631 [Worker-11] INFO  o.a.r.ProjectRClassFinder:50 - Found project R class: com.internet.switchbt.R
10:51:21.633 [Worker-11] INFO  o.a.r.AndroidRClassFinder:44 - Found Android class: android.R
10:51:21.637 [Worker-11] INFO  o.a.p.ModelValidator:42 - Validating elements
10:51:21.638 [Worker-11] DEBUG o.a.p.ModelValidator:62 - Validating with EActivityHandler: [com.internet.act.bt.TownsListAct]
10:51:21.638 [Worker-11] DEBUG o.a.p.ModelValidator:62 - Validating with ViewByIdHandler: [listView, view_header, image_search, edit_search]
10:51:21.639 [Worker-11] DEBUG o.a.p.ModelValidator:62 - Validating with ClickHandler: [void clickEnsureSearch() ]
10:51:21.640 [Worker-11] DEBUG o.a.p.ModelValidator:62 - Validating with ItemClickHandler: [void onItemClick(int) ]
10:51:21.640 [Worker-11] DEBUG o.a.p.ModelValidator:62 - Validating with AfterViewsHandler: [void init() ]
10:51:21.641 [Worker-11] DEBUG o.a.p.ModelValidator:62 - Validating with UiThreadHandler: [void freshList(com.internet.http.data.response.GetTownResponse) ]
10:51:21.641 [Worker-11] DEBUG o.a.p.ModelValidator:62 - Validating with BackgroundHandler: [void getSiteList() ]
10:51:21.642 [Worker-11] INFO  o.a.p.ModelProcessor:73 - Processing root elements
10:51:21.642 [Worker-11] DEBUG o.a.p.ModelProcessor:80 - Processing root elements EActivityHandler: [com.internet.act.bt.TownsListAct]
10:51:21.644 [Worker-11] INFO  o.a.p.ModelProcessor:104 - Processing enclosed elements
10:51:21.645 [Worker-11] DEBUG o.a.p.ModelProcessor:116 - Processing enclosed elements with UiThreadHandler: [org.androidannotations.model.AnnotationElements$AnnotatedAndRootElements@20f18cb3, org.androidannotations.model.AnnotationElements$AnnotatedAndRootElements@518e8d78, org.androidannotations.model.AnnotationElements$AnnotatedAndRootElements@54e2f43b, org.androidannotations.model.AnnotationElements$AnnotatedAndRootElements@41fe1384, org.androidannotations.model.AnnotationElements$AnnotatedAndRootElements@6d231038, org.androidannotations.model.AnnotationElements$AnnotatedAndRootElements@473a4676, org.androidannotations.model.AnnotationElements$AnnotatedAndRootElements@164fcc01]
10:51:21.645 [Worker-11] DEBUG o.a.p.ModelProcessor:116 - Processing enclosed elements with BackgroundHandler: [org.androidannotations.model.AnnotationElements$AnnotatedAndRootElements@5ddd581]
10:51:21.646 [Worker-11] INFO  o.a.AndroidAnnotationProcessor:251 - Number of files generated by AndroidAnnotations: 1
10:51:21.646 [Worker-11] INFO  o.a.g.ApiCodeGenerator:52 - Writting following API classes in project: []
10:51:21.646 [Worker-11] DEBUG o.a.g.SourceCodewriter:55 - Generating class: com.internet.act.bt.TownsListAct_
10:51:21.653 [Worker-11] INFO  o.a.p.TimeStats:81 - Time measurements: [Whole Processing = 33 ms], [Extract Annotations = 8 ms], [Generate Sources = 7 ms], [Find R Classes = 6 ms], [Validate Annotations = 5 ms], [Process Annotations = 4 ms], [Extract Manifest = 3 ms], 
10:51:21.653 [Worker-11] INFO  o.a.AndroidAnnotationProcessor:123 - Finish processing
10:51:25.973 [Worker-29] INFO  o.a.AndroidAnnotationProcessor:85 - Initialize AndroidAnnotations 3.0.1 with options {phase=BUILD}
10:51:25.974 [Worker-29] INFO  o.a.AndroidAnnotationProcessor:109 - Start processing for 7 annotations on 1 elements
10:51:25.982 [Worker-29] DEBUG o.a.h.AndroidManifestFinder:137 - AndroidManifest.xml file found in parent folder E:\BT\SwitchBT: E:\BT\SwitchBT\AndroidManifest.xml
10:51:25.983 [Worker-29] WARN  o.a.h.AndroidManifestFinder:252 - A class activity declared in the AndroidManifest.xml cannot be found in the compile path: [com.internet.act.bt.PoorPeopleDetailAct_]
10:51:25.984 [Worker-29] INFO  o.a.AndroidAnnotationProcessor:172 - AndroidManifest.xml found: AndroidManifest [applicationPackage=com.internet.switchbt, componentQualifiedNames=[com.internet.act.bt.LauncherAct_, com.internet.act.bt.LoginAct_, com.internet.act.bt.PoorPeopleListAct_, com.internet.act.bt.TownsListAct_, com.internet.act.bt.VillagesListAct_, com.internet.act.bt.AddRecordAct_, com.internet.act.bt.RecordDeatailAct_], permissionQualifiedNames=[android.permission.INTERNET, android.permission.RECORD_AUDIO, android.permission.ACCESS_NETWORK_STATE, android.permission.ACCESS_WIFI_STATE, android.permission.CHANGE_NETWORK_STATE, android.permission.READ_PHONE_STATE, android.permission.READ_CONTACTS, android.permission.CAMERA, android.hardware.camera.autofocus, android.permission.RECORD_AUDIO, android.permission.WRITE_EXTERNAL_STORAGE, android.permission.ACCESS_FINE_LOCATION, android.permission.ACCESS_COARSE_LOCATION, com.internet.turnright.b.permission.JPUSH_MESSAGE, android.permission.RECEIVE_USER_PRESENT, android.permission.INTERNET, android.permission.WAKE_LOCK, android.permission.READ_PHONE_STATE, android.permission.WRITE_EXTERNAL_STORAGE, android.permission.READ_EXTERNAL_STORAGE, android.permission.VIBRATE, android.permission.MOUNT_UNMOUNT_FILESYSTEMS, android.permission.ACCESS_NETWORK_STATE, android.permission.WRITE_SETTINGS, android.permission.ACCESS_COARSE_LOCATION, android.permission.ACCESS_WIFI_STATE, android.permission.CHANGE_WIFI_STATE, android.permission.ACCESS_FINE_LOCATION, android.permission.ACCESS_LOCATION_EXTRA_COMMANDS, android.permission.CHANGE_NETWORK_STATE, android.permission.CALL_PHONE, android.permission.READ_LOGS, android.permission.GET_TASKS, android.permission.SET_DEBUG_APP, android.permission.SYSTEM_ALERT_WINDOW, android.permission.GET_ACCOUNTS, android.permission.USE_CREDENTIALS, android.permission.MANAGE_ACCOUNTS], applicationClassName=com.internet.app.MainApplication, libraryProject=false, debugabble=false, minSdkVersion=14, maxSdkVersion=-1, targetSdkVersion=15]
10:51:25.985 [Worker-29] INFO  o.a.r.ProjectRClassFinder:50 - Found project R class: com.internet.switchbt.R
10:51:25.987 [Worker-29] INFO  o.a.r.AndroidRClassFinder:44 - Found Android class: android.R
10:51:25.990 [Worker-29] INFO  o.a.p.ModelValidator:42 - Validating elements
10:51:25.991 [Worker-29] DEBUG o.a.p.ModelValidator:62 - Validating with EActivityHandler: [com.internet.act.bt.VillagesListAct]
10:51:25.992 [Worker-29] DEBUG o.a.p.ModelValidator:62 - Validating with ViewByIdHandler: [listView, view_header, edit_search, image_search]
10:51:25.993 [Worker-29] DEBUG o.a.p.ModelValidator:62 - Validating with ClickHandler: [void clickEnsureSearch() ]
10:51:25.994 [Worker-29] DEBUG o.a.p.ModelValidator:62 - Validating with ItemClickHandler: [void onItemClick(int) ]
10:51:25.994 [Worker-29] DEBUG o.a.p.ModelValidator:62 - Validating with AfterViewsHandler: [void init() ]
10:51:25.995 [Worker-29] DEBUG o.a.p.ModelValidator:62 - Validating with UiThreadHandler: [void freshList(com.internet.http.data.response.GetVillageListResponse) ]
10:51:25.995 [Worker-29] DEBUG o.a.p.ModelValidator:62 - Validating with BackgroundHandler: [void getSiteList() ]
10:51:25.995 [Worker-29] INFO  o.a.p.ModelProcessor:73 - Processing root elements
10:51:25.996 [Worker-29] DEBUG o.a.p.ModelProcessor:80 - Processing root elements EActivityHandler: [com.internet.act.bt.VillagesListAct]
10:51:25.997 [Worker-29] INFO  o.a.p.ModelProcessor:104 - Processing enclosed elements
10:51:25.999 [Worker-29] DEBUG o.a.p.ModelProcessor:116 - Processing enclosed elements with UiThreadHandler: [org.androidannotations.model.AnnotationElements$AnnotatedAndRootElements@172fe41e, org.androidannotations.model.AnnotationElements$AnnotatedAndRootElements@7ec8673b, org.androidannotations.model.AnnotationElements$AnnotatedAndRootElements@e64f382, org.androidannotations.model.AnnotationElements$AnnotatedAndRootElements@229962ee, org.androidannotations.model.AnnotationElements$AnnotatedAndRootElements@36921e65, org.androidannotations.model.AnnotationElements$AnnotatedAndRootElements@2b370c2e, org.androidannotations.model.AnnotationElements$AnnotatedAndRootElements@57f8f713]
10:51:26.0 [Worker-29] DEBUG o.a.p.ModelProcessor:116 - Processing enclosed elements with BackgroundHandler: [org.androidannotations.model.AnnotationElements$AnnotatedAndRootElements@58e79a9e]
10:51:26.0 [Worker-29] INFO  o.a.AndroidAnnotationProcessor:251 - Number of files generated by AndroidAnnotations: 1
10:51:26.1 [Worker-29] INFO  o.a.g.ApiCodeGenerator:52 - Writting following API classes in project: []
10:51:26.1 [Worker-29] DEBUG o.a.g.SourceCodewriter:55 - Generating class: com.internet.act.bt.VillagesListAct_
10:51:26.8 [Worker-29] INFO  o.a.p.TimeStats:81 - Time measurements: [Whole Processing = 34 ms], [Generate Sources = 8 ms], [Extract Annotations = 6 ms], [Find R Classes = 5 ms], [Validate Annotations = 5 ms], [Process Annotations = 5 ms], [Extract Manifest = 2 ms], 
10:51:26.8 [Worker-29] INFO  o.a.AndroidAnnotationProcessor:123 - Finish processing
